This will walk you through creating a new React Native project in C:\inetpub\wwwroot\bonniee-learning-react-native\FirstAwesomeProject
'yarn' is not recognized as an internal or external command,
operable program or batch file.
Installing react-native...
Consider installing yarn to make this faster: https://yarnpkg.com
npm WARN rollback Rolling back node-pre-gyp@0.10.0 failed (this is probably harmless): EPERM: operation not permitted, lstat 'C:\inetpub\wwwroot\bonniee-learning-react-native\FirstAwesomeProject\node_modules\fsevents\node_modules'
npm notice created a lockfile as package-lock.json. You should commit this file.
npm WARN react-native@0.55.4 requires a peer of react@16.3.1 but none is installed. You must install peer dependencies yourself.
npm WARN eslint-plugin-react-native@3.2.1 requires a peer of eslint@^3.17.0 || ^4.0.0 but none is installed. You must install peer dependencies yourself.
npm WARN optional SKIPPING OPTIONAL DEPENDENCY: fsevents@1.2.4 (node_modules\fsevents):
npm WARN notsup SKIPPING OPTIONAL DEPENDENCY: Unsupported platform for fsevents@1.2.4: wanted {"os":"darwin","arch":"any"} (current: {"os":"win32","arch":"x64"})

+ react-native@0.55.4
added 649 packages from 349 contributors in 251.708s
[!] 2 vulnerabilities found [10502 packages audited]
    Severity: 1 low | 1 high
    Run `npm audit` for more detail

Setting up new React Native app in C:\inetpub\wwwroot\bonniee-learning-react-native\FirstAwesomeProject
Installing React...
npm WARN eslint-plugin-react-native@3.2.1 requires a peer of eslint@^3.17.0 || ^4.0.0 but none is installed. You must install peer dependencies yourself.
npm WARN optional SKIPPING OPTIONAL DEPENDENCY: fsevents@1.2.4 (node_modules\fsevents):
npm WARN notsup SKIPPING OPTIONAL DEPENDENCY: Unsupported platform for fsevents@1.2.4: wanted {"os":"darwin","arch":"any"} (current: {"os":"win32","arch":"x64"})

+ react@16.3.1
added 1 package in 13.082s
[!] 2 vulnerabilities found [10542 packages audited]
    Severity: 1 low | 1 high
    Run `npm audit` for more detail

Installing Jest...
npm WARN deprecated istanbul-lib-hook@1.2.1: 1.2.0 should have been a major version bump
npm WARN eslint-plugin-react-native@3.2.1 requires a peer of eslint@^3.17.0 || ^4.0.0 but none is installed. You must install peer dependencies yourself.
npm WARN optional SKIPPING OPTIONAL DEPENDENCY: fsevents@1.2.4 (node_modules\fsevents):
npm WARN notsup SKIPPING OPTIONAL DEPENDENCY: Unsupported platform for fsevents@1.2.4: wanted {"os":"darwin","arch":"any"} (current: {"os":"win32","arch":"x64"})

+ babel-preset-react-native@4.0.0
+ babel-jest@23.0.1
+ jest@23.1.0
+ react-test-renderer@16.3.1
added 307 packages from 255 contributors and updated 1 package in 121.071s
[!] 2 vulnerabilities found [34313 packages audited]
    Severity: 1 low | 1 high
    Run `npm audit` for more detail

To run your app on iOS:
   cd C:\inetpub\wwwroot\bonniee-learning-react-native\FirstAwesomeProject
   react-native run-ios
   - or -
   Open ios\FirstAwesomeProject.xcodeproj in Xcode
   Hit the Run button
To run your app on Android:
   cd C:\inetpub\wwwroot\bonniee-learning-react-native\FirstAwesomeProject
   Have an Android emulator running (quickest way to get started), or a device connected
   react-native run-android
